<?xml version="1.0" encoding="UTF-8"?>
<!-- Generated by org.testng.reporters.JUnitReportReporter -->
<testsuite hostname="DESKTOP-BAJSTAT" failures="0" tests="1" name="Important.ExcelWritingMultipleRowColumn" time="0.008" errors="0" timestamp="2022-10-28T12:27:49 IST" skipped="0">
  <testcase classname="Important.ExcelWritingMultipleRowColumn" name="test" time="0.008"/>
  <system-out/>
</testsuite> <!-- Important.ExcelWritingMultipleRowColumn -->
