<?xml version="1.0" encoding="UTF-8"?>
<!-- Generated by org.testng.reporters.JUnitReportReporter -->
<testsuite hostname="Hemanth" failures="0" tests="1" name="practice.p5" time="0.112" errors="0" timestamp="2022-08-19T12:26:50 IST" skipped="0">
  <testcase classname="practice.p5" name="kk" time="0.112"/>
  <system-out/>
</testsuite> <!-- practice.p5 -->
