<?xml version="1.0" encoding="UTF-8"?>
<!-- Generated by org.testng.reporters.JUnitReportReporter -->
<testsuite hostname="DESKTOP-BAJSTAT" failures="0" tests="1" name="ArrayPrograms.JavaJavaJavaTest" time="0.007" errors="0" timestamp="2022-11-03T15:37:22 IST" skipped="0">
  <testcase classname="ArrayPrograms.JavaJavaJavaTest" name="test" time="0.007"/>
  <system-out/>
</testsuite> <!-- ArrayPrograms.JavaJavaJavaTest -->
