<?xml version="1.0" encoding="UTF-8"?>
<!-- Generated by org.testng.reporters.JUnitReportReporter -->
<testsuite hostname="DESKTOP-BAJSTAT" failures="0" tests="1" name="com.Practice.JavaJavaSelenium" time="0.007" errors="0" timestamp="2022-11-11T12:45:37 IST" skipped="0">
  <testcase classname="com.Practice.JavaJavaSelenium" name="test" time="0.007"/>
  <system-out/>
</testsuite> <!-- com.Practice.JavaJavaSelenium -->
