<?xml version="1.0" encoding="UTF-8"?>
<!-- Generated by org.testng.reporters.JUnitReportReporter -->
<testsuite hostname="Hemanth" failures="0" tests="1" name="com.xyzProject.Sample" time="8.959" errors="0" timestamp="2022-08-17T16:21:40 IST" skipped="0">
  <testcase classname="com.xyzProject.Sample" name="sam" time="8.959"/>
  <system-out/>
</testsuite> <!-- com.xyzProject.Sample -->
