<?xml version="1.0" encoding="UTF-8"?>
<!-- Generated by org.testng.reporters.JUnitReportReporter -->
<testsuite hostname="DESKTOP-BAJSTAT" failures="0" tests="1" name="New.ToCountRepeatedChTest" time="0.007" errors="0" timestamp="2022-11-03T13:00:48 IST" skipped="0">
  <testcase classname="New.ToCountRepeatedChTest" name="tableTest" time="0.007"/>
  <system-out/>
</testsuite> <!-- New.ToCountRepeatedChTest -->
