<?xml version="1.0" encoding="UTF-8"?>
<!-- Generated by org.testng.reporters.JUnitReportReporter -->
<testsuite hostname="DESKTOP-BAJSTAT" failures="0" tests="1" name="Practi.sam" time="0.011" errors="1" timestamp="2022-11-02T11:52:07 IST" skipped="0">
  <testcase classname="Practi.sam" name="mmain" time="0.011">
    <error type="java.lang.StackOverflowError">
      <![CDATA[java.lang.StackOverflowError
at Practi.sam.method(sam.java:72)
at Practi.sam.method(sam.java:72)
at Practi.sam.method(sam.java:72)
at Practi.sam.method(sam.java:72)
at Practi.sam.method(sam.java:72)
at Practi.sam.method(sam.java:72)
at Practi.sam.method(sam.java:72)
at Practi.sam.method(sam.java:72)
at Practi.sam.method(sam.java:72)
at Practi.sam.method(sam.java:72)
at Practi.sam.method(sam.java:72)
at Practi.sam.method(sam.java:72)
at Practi.sam.method(sam.java:72)
at Practi.sam.method(sam.java:72)
at Practi.sam.method(sam.java:72)
at Practi.sam.method(sam.java:72)
at Practi.sam.method(sam.java:72)
at Practi.sam.method(sam.java:72)
at Practi.sam.method(sam.java:72)
at Practi.sam.method(sam.java:72)
at Practi.sam.method(sam.java:72)
at Practi.sam.method(sam.java:72)
at Practi.sam.method(sam.java:72)
at Practi.sam.method(sam.java:72)
at Practi.sam.method(sam.java:72)
at Practi.sam.method(sam.java:72)
at Practi.sam.method(sam.java:72)
at Practi.sam.method(sam.java:72)
at Practi.sam.method(sam.java:72)
at Practi.sam.method(sam.java:72)
at Practi.sam.method(sam.java:72)
at Practi.sam.method(sam.java:72)
at Practi.sam.method(sam.java:72)
at Practi.sam.method(sam.java:72)
at Practi.sam.method(sam.java:72)
at Practi.sam.method(sam.java:72)
at Practi.sam.method(sam.java:72)
at Practi.sam.method(sam.java:72)
at Practi.sam.method(sam.java:72)
at Practi.sam.method(sam.java:72)
at Practi.sam.method(sam.java:72)
at Practi.sam.method(sam.java:72)
at Practi.sam.method(sam.java:72)
at Practi.sam.method(sam.java:72)
at Practi.sam.method(sam.java:72)
at Practi.sam.method(sam.java:72)
at Practi.sam.method(sam.java:72)
at Practi.sam.method(sam.java:72)
at Practi.sam.method(sam.java:72)
at Practi.sam.method(sam.java:72)
at Practi.sam.method(sam.java:72)
at Practi.sam.method(sam.java:72)
at Practi.sam.method(sam.java:72)
at Practi.sam.method(sam.java:72)
at Practi.sam.method(sam.java:72)
at Practi.sam.method(sam.java:72)
at Practi.sam.method(sam.java:72)
at Practi.sam.method(sam.java:72)
at Practi.sam.method(sam.java:72)
at Practi.sam.method(sam.java:72)
at Practi.sam.method(sam.java:72)
at Practi.sam.method(sam.java:72)
at Practi.sam.method(sam.java:72)
at Practi.sam.method(sam.java:72)
at Practi.sam.method(sam.java:72)
at Practi.sam.method(sam.java:72)
at Practi.sam.method(sam.java:72)
at Practi.sam.method(sam.java:72)
at Practi.sam.method(sam.java:72)
at Practi.sam.method(sam.java:72)
at Practi.sam.method(sam.java:72)
at Practi.sam.method(sam.java:72)
at Practi.sam.method(sam.java:72)
at Practi.sam.method(sam.java:72)
at Practi.sam.method(sam.java:72)
at Practi.sam.method(sam.java:72)
at Practi.sam.method(sam.java:72)
at Practi.sam.method(sam.java:72)
at Practi.sam.method(sam.java:72)
at Practi.sam.method(sam.java:72)
at Practi.sam.method(sam.java:72)
at Practi.sam.method(sam.java:72)
at Practi.sam.method(sam.java:72)
at Practi.sam.method(sam.java:72)
at Practi.sam.method(sam.java:72)
at Practi.sam.method(sam.java:72)
at Practi.sam.method(sam.java:72)
at Practi.sam.method(sam.java:72)
at Practi.sam.method(sam.java:72)
at Practi.sam.method(sam.java:72)
at Practi.sam.method(sam.java:72)
at Practi.sam.method(sam.java:72)
at Practi.sam.method(sam.java:72)
at Practi.sam.method(sam.java:72)
at Practi.sam.method(sam.java:72)
at Practi.sam.method(sam.java:72)
at Practi.sam.method(sam.java:72)
at Practi.sam.method(sam.java:72)
at Practi.sam.method(sam.java:72)
at Practi.sam.method(sam.java:72)
at Practi.sam.method(sam.java:72)
at Practi.sam.method(sam.java:72)
at Practi.sam.method(sam.java:72)
at Practi.sam.method(sam.java:72)
at Practi.sam.method(sam.java:72)
at Practi.sam.method(sam.java:72)
at Practi.sam.method(sam.java:72)
at Practi.sam.method(sam.java:72)
at Practi.sam.method(sam.java:72)
at Practi.sam.method(sam.java:72)
at Practi.sam.method(sam.java:72)
at Practi.sam.method(sam.java:72)
at Practi.sam.method(sam.java:72)
at Practi.sam.method(sam.java:72)
at Practi.sam.method(sam.java:72)
at Practi.sam.method(sam.java:72)
at Practi.sam.method(sam.java:72)
at Practi.sam.method(sam.java:72)
at Practi.sam.method(sam.java:72)
at Practi.sam.method(sam.java:72)
at Practi.sam.method(sam.java:72)
at Practi.sam.method(sam.java:72)
at Practi.sam.method(sam.java:72)
at Practi.sam.method(sam.java:72)
at Practi.sam.method(sam.java:72)
at Practi.sam.method(sam.java:72)
at Practi.sam.method(sam.java:72)
at Practi.sam.method(sam.java:72)
at Practi.sam.method(sam.java:72)
at Practi.sam.method(sam.java:72)
at Practi.sam.method(sam.java:72)
at Practi.sam.method(sam.java:72)
at Practi.sam.method(sam.java:72)
at Practi.sam.method(sam.java:72)
at Practi.sam.method(sam.java:72)
at Practi.sam.method(sam.java:72)
at Practi.sam.method(sam.java:72)
at Practi.sam.method(sam.java:72)
at Practi.sam.method(sam.java:72)
at Practi.sam.method(sam.java:72)
at Practi.sam.method(sam.java:72)
at Practi.sam.method(sam.java:72)
at Practi.sam.method(sam.java:72)
at Practi.sam.method(sam.java:72)
at Practi.sam.method(sam.java:72)
at Practi.sam.method(sam.java:72)
at Practi.sam.method(sam.java:72)
at Practi.sam.method(sam.java:72)
at Practi.sam.method(sam.java:72)
at Practi.sam.method(sam.java:72)
at Practi.sam.method(sam.java:72)
at Practi.sam.method(sam.java:72)
at Practi.sam.method(sam.java:72)
at Practi.sam.method(sam.java:72)
at Practi.sam.method(sam.java:72)
at Practi.sam.method(sam.java:72)
at Practi.sam.method(sam.java:72)
at Practi.sam.method(sam.java:72)
at Practi.sam.method(sam.java:72)
at Practi.sam.method(sam.java:72)
at Practi.sam.method(sam.java:72)
at Practi.sam.method(sam.java:72)
at Practi.sam.method(sam.java:72)
at Practi.sam.method(sam.java:72)
at Practi.sam.method(sam.java:72)
at Practi.sam.method(sam.java:72)
at Practi.sam.method(sam.java:72)
at Practi.sam.method(sam.java:72)
at Practi.sam.method(sam.java:72)
at Practi.sam.method(sam.java:72)
at Practi.sam.method(sam.java:72)
at Practi.sam.method(sam.java:72)
at Practi.sam.method(sam.java:72)
at Practi.sam.method(sam.java:72)
at Practi.sam.method(sam.java:72)
at Practi.sam.method(sam.java:72)
at Practi.sam.method(sam.java:72)
at Practi.sam.method(sam.java:72)
at Practi.sam.method(sam.java:72)
at Practi.sam.method(sam.java:72)
at Practi.sam.method(sam.java:72)
at Practi.sam.method(sam.java:72)
at Practi.sam.method(sam.java:72)
at Practi.sam.method(sam.java:72)
at Practi.sam.method(sam.java:72)
at Practi.sam.method(sam.java:72)
at Practi.sam.method(sam.java:72)
at Practi.sam.method(sam.java:72)
at Practi.sam.method(sam.java:72)
at Practi.sam.method(sam.java:72)
at Practi.sam.method(sam.java:72)
at Practi.sam.method(sam.java:72)
at Practi.sam.method(sam.java:72)
at Practi.sam.method(sam.java:72)
at Practi.sam.method(sam.java:72)
at Practi.sam.method(sam.java:72)
at Practi.sam.method(sam.java:72)
at Practi.sam.method(sam.java:72)
at Practi.sam.method(sam.java:72)
at Practi.sam.method(sam.java:72)
at Practi.sam.method(sam.java:72)
at Practi.sam.method(sam.java:72)
at Practi.sam.method(sam.java:72)
at Practi.sam.method(sam.java:72)
at Practi.sam.method(sam.java:72)
at Practi.sam.method(sam.java:72)
at Practi.sam.method(sam.java:72)
at Practi.sam.method(sam.java:72)
at Practi.sam.method(sam.java:72)
at Practi.sam.method(sam.java:72)
at Practi.sam.method(sam.java:72)
at Practi.sam.method(sam.java:72)
at Practi.sam.method(sam.java:72)
at Practi.sam.method(sam.java:72)
at Practi.sam.method(sam.java:72)
at Practi.sam.method(sam.java:72)
at Practi.sam.method(sam.java:72)
at Practi.sam.method(sam.java:72)
at Practi.sam.method(sam.java:72)
at Practi.sam.method(sam.java:72)
at Practi.sam.method(sam.java:72)
at Practi.sam.method(sam.java:72)
at Practi.sam.method(sam.java:72)
at Practi.sam.method(sam.java:72)
at Practi.sam.method(sam.java:72)
at Practi.sam.method(sam.java:72)
at Practi.sam.method(sam.java:72)
at Practi.sam.method(sam.java:72)
at Practi.sam.method(sam.java:72)
at Practi.sam.method(sam.java:72)
at Practi.sam.method(sam.java:72)
at Practi.sam.method(sam.java:72)
at Practi.sam.method(sam.java:72)
at Practi.sam.method(sam.java:72)
at Practi.sam.method(sam.java:72)
at Practi.sam.method(sam.java:72)
at Practi.sam.method(sam.java:72)
at Practi.sam.method(sam.java:72)
at Practi.sam.method(sam.java:72)
at Practi.sam.method(sam.java:72)
at Practi.sam.method(sam.java:72)
at Practi.sam.method(sam.java:72)
at Practi.sam.method(sam.java:72)
at Practi.sam.method(sam.java:72)
at Practi.sam.method(sam.java:72)
at Practi.sam.method(sam.java:72)
at Practi.sam.method(sam.java:72)
at Practi.sam.method(sam.java:72)
at Practi.sam.method(sam.java:72)
at Practi.sam.method(sam.java:72)
at Practi.sam.method(sam.java:72)
at Practi.sam.method(sam.java:72)
at Practi.sam.method(sam.java:72)
at Practi.sam.method(sam.java:72)
at Practi.sam.method(sam.java:72)
at Practi.sam.method(sam.java:72)
at Practi.sam.method(sam.java:72)
at Practi.sam.method(sam.java:72)
at Practi.sam.method(sam.java:72)
at Practi.sam.method(sam.java:72)
at Practi.sam.method(sam.java:72)
at Practi.sam.method(sam.java:72)
at Practi.sam.method(sam.java:72)
at Practi.sam.method(sam.java:72)
at Practi.sam.method(sam.java:72)
at Practi.sam.method(sam.java:72)
at Practi.sam.method(sam.java:72)
at Practi.sam.method(sam.java:72)
at Practi.sam.method(sam.java:72)
at Practi.sam.method(sam.java:72)
at Practi.sam.method(sam.java:72)
at Practi.sam.method(sam.java:72)
at Practi.sam.method(sam.java:72)
at Practi.sam.method(sam.java:72)
at Practi.sam.method(sam.java:72)
at Practi.sam.method(sam.java:72)
at Practi.sam.method(sam.java:72)
at Practi.sam.method(sam.java:72)
at Practi.sam.method(sam.java:72)
at Practi.sam.method(sam.java:72)
at Practi.sam.method(sam.java:72)
at Practi.sam.method(sam.java:72)
at Practi.sam.method(sam.java:72)
at Practi.sam.method(sam.java:72)
at Practi.sam.method(sam.java:72)
at Practi.sam.method(sam.java:72)
at Practi.sam.method(sam.java:72)
at Practi.sam.method(sam.java:72)
at Practi.sam.method(sam.java:72)
at Practi.sam.method(sam.java:72)
at Practi.sam.method(sam.java:72)
at Practi.sam.method(sam.java:72)
at Practi.sam.method(sam.java:72)
at Practi.sam.method(sam.java:72)
at Practi.sam.method(sam.java:72)
at Practi.sam.method(sam.java:72)
at Practi.sam.method(sam.java:72)
at Practi.sam.method(sam.java:72)
at Practi.sam.method(sam.java:72)
at Practi.sam.method(sam.java:72)
at Practi.sam.method(sam.java:72)
at Practi.sam.method(sam.java:72)
at Practi.sam.method(sam.java:72)
at Practi.sam.method(sam.java:72)
at Practi.sam.method(sam.java:72)
at Practi.sam.method(sam.java:72)
at Practi.sam.method(sam.java:72)
at Practi.sam.method(sam.java:72)
at Practi.sam.method(sam.java:72)
at Practi.sam.method(sam.java:72)
at Practi.sam.method(sam.java:72)
at Practi.sam.method(sam.java:72)
at Practi.sam.method(sam.java:72)
at Practi.sam.method(sam.java:72)
at Practi.sam.method(sam.java:72)
at Practi.sam.method(sam.java:72)
at Practi.sam.method(sam.java:72)
at Practi.sam.method(sam.java:72)
at Practi.sam.method(sam.java:72)
at Practi.sam.method(sam.java:72)
at Practi.sam.method(sam.java:72)
at Practi.sam.method(sam.java:72)
at Practi.sam.method(sam.java:72)
at Practi.sam.method(sam.java:72)
at Practi.sam.method(sam.java:72)
at Practi.sam.method(sam.java:72)
at Practi.sam.method(sam.java:72)
at Practi.sam.method(sam.java:72)
at Practi.sam.method(sam.java:72)
at Practi.sam.method(sam.java:72)
at Practi.sam.method(sam.java:72)
at Practi.sam.method(sam.java:72)
at Practi.sam.method(sam.java:72)
at Practi.sam.method(sam.java:72)
at Practi.sam.method(sam.java:72)
at Practi.sam.method(sam.java:72)
at Practi.sam.method(sam.java:72)
at Practi.sam.method(sam.java:72)
at Practi.sam.method(sam.java:72)
at Practi.sam.method(sam.java:72)
at Practi.sam.method(sam.java:72)
at Practi.sam.method(sam.java:72)
at Practi.sam.method(sam.java:72)
at Practi.sam.method(sam.java:72)
at Practi.sam.method(sam.java:72)
at Practi.sam.method(sam.java:72)
at Practi.sam.method(sam.java:72)
at Practi.sam.method(sam.java:72)
at Practi.sam.method(sam.java:72)
at Practi.sam.method(sam.java:72)
at Practi.sam.method(sam.java:72)
at Practi.sam.method(sam.java:72)
at Practi.sam.method(sam.java:72)
at Practi.sam.method(sam.java:72)
at Practi.sam.method(sam.java:72)
at Practi.sam.method(sam.java:72)
at Practi.sam.method(sam.java:72)
at Practi.sam.method(sam.java:72)
at Practi.sam.method(sam.java:72)
at Practi.sam.method(sam.java:72)
at Practi.sam.method(sam.java:72)
at Practi.sam.method(sam.java:72)
at Practi.sam.method(sam.java:72)
at Practi.sam.method(sam.java:72)
at Practi.sam.method(sam.java:72)
at Practi.sam.method(sam.java:72)
at Practi.sam.method(sam.java:72)
at Practi.sam.method(sam.java:72)
at Practi.sam.method(sam.java:72)
at Practi.sam.method(sam.java:72)
at Practi.sam.method(sam.java:72)
at Practi.sam.method(sam.java:72)
at Practi.sam.method(sam.java:72)
at Practi.sam.method(sam.java:72)
at Practi.sam.method(sam.java:72)
at Practi.sam.method(sam.java:72)
at Practi.sam.method(sam.java:72)
at Practi.sam.method(sam.java:72)
at Practi.sam.method(sam.java:72)
at Practi.sam.method(sam.java:72)
at Practi.sam.method(sam.java:72)
at Practi.sam.method(sam.java:72)
at Practi.sam.method(sam.java:72)
at Practi.sam.method(sam.java:72)
at Practi.sam.method(sam.java:72)
at Practi.sam.method(sam.java:72)
at Practi.sam.method(sam.java:72)
at Practi.sam.method(sam.java:72)
at Practi.sam.method(sam.java:72)
at Practi.sam.method(sam.java:72)
at Practi.sam.method(sam.java:72)
at Practi.sam.method(sam.java:72)
at Practi.sam.method(sam.java:72)
at Practi.sam.method(sam.java:72)
at Practi.sam.method(sam.java:72)
at Practi.sam.method(sam.java:72)
at Practi.sam.method(sam.java:72)
at Practi.sam.method(sam.java:72)
at Practi.sam.method(sam.java:72)
at Practi.sam.method(sam.java:72)
at Practi.sam.method(sam.java:72)
at Practi.sam.method(sam.java:72)
at Practi.sam.method(sam.java:72)
at Practi.sam.method(sam.java:72)
at Practi.sam.method(sam.java:72)
at Practi.sam.method(sam.java:72)
at Practi.sam.method(sam.java:72)
at Practi.sam.method(sam.java:72)
at Practi.sam.method(sam.java:72)
at Practi.sam.method(sam.java:72)
at Practi.sam.method(sam.java:72)
at Practi.sam.method(sam.java:72)
at Practi.sam.method(sam.java:72)
at Practi.sam.method(sam.java:72)
at Practi.sam.method(sam.java:72)
at Practi.sam.method(sam.java:72)
at Practi.sam.method(sam.java:72)
at Practi.sam.method(sam.java:72)
at Practi.sam.method(sam.java:72)
at Practi.sam.method(sam.java:72)
at Practi.sam.method(sam.java:72)
at Practi.sam.method(sam.java:72)
at Practi.sam.method(sam.java:72)
at Practi.sam.method(sam.java:72)
at Practi.sam.method(sam.java:72)
at Practi.sam.method(sam.java:72)
at Practi.sam.method(sam.java:72)
at Practi.sam.method(sam.java:72)
at Practi.sam.method(sam.java:72)
at Practi.sam.method(sam.java:72)
at Practi.sam.method(sam.java:72)
at Practi.sam.method(sam.java:72)
at Practi.sam.method(sam.java:72)
at Practi.sam.method(sam.java:72)
at Practi.sam.method(sam.java:72)
at Practi.sam.method(sam.java:72)
at Practi.sam.method(sam.java:72)
at Practi.sam.method(sam.java:72)
at Practi.sam.method(sam.java:72)
at Practi.sam.method(sam.java:72)
at Practi.sam.method(sam.java:72)
at Practi.sam.method(sam.java:72)
at Practi.sam.method(sam.java:72)
at Practi.sam.method(sam.java:72)
at Practi.sam.method(sam.java:72)
at Practi.sam.method(sam.java:72)
at Practi.sam.method(sam.java:72)
at Practi.sam.method(sam.java:72)
at Practi.sam.method(sam.java:72)
at Practi.sam.method(sam.java:72)
at Practi.sam.method(sam.java:72)
at Practi.sam.method(sam.java:72)
at Practi.sam.method(sam.java:72)
at Practi.sam.method(sam.java:72)
at Practi.sam.method(sam.java:72)
at Practi.sam.method(sam.java:72)
at Practi.sam.method(sam.java:72)
at Practi.sam.method(sam.java:72)
at Practi.sam.method(sam.java:72)
at Practi.sam.method(sam.java:72)
at Practi.sam.method(sam.java:72)
at Practi.sam.method(sam.java:72)
at Practi.sam.method(sam.java:72)
at Practi.sam.method(sam.java:72)
at Practi.sam.method(sam.java:72)
at Practi.sam.method(sam.java:72)
at Practi.sam.method(sam.java:72)
at Practi.sam.method(sam.java:72)
at Practi.sam.method(sam.java:72)
at Practi.sam.method(sam.java:72)
at Practi.sam.method(sam.java:72)
at Practi.sam.method(sam.java:72)
at Practi.sam.method(sam.java:72)
at Practi.sam.method(sam.java:72)
at Practi.sam.method(sam.java:72)
at Practi.sam.method(sam.java:72)
at Practi.sam.method(sam.java:72)
at Practi.sam.method(sam.java:72)
at Practi.sam.method(sam.java:72)
at Practi.sam.method(sam.java:72)
at Practi.sam.method(sam.java:72)
at Practi.sam.method(sam.java:72)
at Practi.sam.method(sam.java:72)
at Practi.sam.method(sam.java:72)
at Practi.sam.method(sam.java:72)
at Practi.sam.method(sam.java:72)
at Practi.sam.method(sam.java:72)
at Practi.sam.method(sam.java:72)
at Practi.sam.method(sam.java:72)
at Practi.sam.method(sam.java:72)
at Practi.sam.method(sam.java:72)
at Practi.sam.method(sam.java:72)
at Practi.sam.method(sam.java:72)
at Practi.sam.method(sam.java:72)
at Practi.sam.method(sam.java:72)
at Practi.sam.method(sam.java:72)
at Practi.sam.method(sam.java:72)
at Practi.sam.method(sam.java:72)
at Practi.sam.method(sam.java:72)
at Practi.sam.method(sam.java:72)
at Practi.sam.method(sam.java:72)
at Practi.sam.method(sam.java:72)
at Practi.sam.method(sam.java:72)
at Practi.sam.method(sam.java:72)
at Practi.sam.method(sam.java:72)
at Practi.sam.method(sam.java:72)
at Practi.sam.method(sam.java:72)
at Practi.sam.method(sam.java:72)
at Practi.sam.method(sam.java:72)
at Practi.sam.method(sam.java:72)
at Practi.sam.method(sam.java:72)
at Practi.sam.method(sam.java:72)
at Practi.sam.method(sam.java:72)
at Practi.sam.method(sam.java:72)
at Practi.sam.method(sam.java:72)
at Practi.sam.method(sam.java:72)
at Practi.sam.method(sam.java:72)
at Practi.sam.method(sam.java:72)
at Practi.sam.method(sam.java:72)
at Practi.sam.method(sam.java:72)
at Practi.sam.method(sam.java:72)
at Practi.sam.method(sam.java:72)
at Practi.sam.method(sam.java:72)
at Practi.sam.method(sam.java:72)
at Practi.sam.method(sam.java:72)
at Practi.sam.method(sam.java:72)
at Practi.sam.method(sam.java:72)
at Practi.sam.method(sam.java:72)
at Practi.sam.method(sam.java:72)
at Practi.sam.method(sam.java:72)
at Practi.sam.method(sam.java:72)
at Practi.sam.method(sam.java:72)
at Practi.sam.method(sam.java:72)
at Practi.sam.method(sam.java:72)
at Practi.sam.method(sam.java:72)
at Practi.sam.method(sam.java:72)
at Practi.sam.method(sam.java:72)
at Practi.sam.method(sam.java:72)
at Practi.sam.method(sam.java:72)
at Practi.sam.method(sam.java:72)
at Practi.sam.method(sam.java:72)
at Practi.sam.method(sam.java:72)
at Practi.sam.method(sam.java:72)
at Practi.sam.method(sam.java:72)
at Practi.sam.method(sam.java:72)
at Practi.sam.method(sam.java:72)
at Practi.sam.method(sam.java:72)
at Practi.sam.method(sam.java:72)
at Practi.sam.method(sam.java:72)
at Practi.sam.method(sam.java:72)
at Practi.sam.method(sam.java:72)
at Practi.sam.method(sam.java:72)
at Practi.sam.method(sam.java:72)
at Practi.sam.method(sam.java:72)
at Practi.sam.method(sam.java:72)
at Practi.sam.method(sam.java:72)
at Practi.sam.method(sam.java:72)
at Practi.sam.method(sam.java:72)
at Practi.sam.method(sam.java:72)
at Practi.sam.method(sam.java:72)
at Practi.sam.method(sam.java:72)
at Practi.sam.method(sam.java:72)
at Practi.sam.method(sam.java:72)
at Practi.sam.method(sam.java:72)
at Practi.sam.method(sam.java:72)
at Practi.sam.method(sam.java:72)
at Practi.sam.method(sam.java:72)
at Practi.sam.method(sam.java:72)
at Practi.sam.method(sam.java:72)
at Practi.sam.method(sam.java:72)
at Practi.sam.method(sam.java:72)
at Practi.sam.method(sam.java:72)
at Practi.sam.method(sam.java:72)
at Practi.sam.method(sam.java:72)
at Practi.sam.method(sam.java:72)
at Practi.sam.method(sam.java:72)
at Practi.sam.method(sam.java:72)
at Practi.sam.method(sam.java:72)
at Practi.sam.method(sam.java:72)
at Practi.sam.method(sam.java:72)
at Practi.sam.method(sam.java:72)
at Practi.sam.method(sam.java:72)
at Practi.sam.method(sam.java:72)
at Practi.sam.method(sam.java:72)
at Practi.sam.method(sam.java:72)
at Practi.sam.method(sam.java:72)
at Practi.sam.method(sam.java:72)
at Practi.sam.method(sam.java:72)
at Practi.sam.method(sam.java:72)
at Practi.sam.method(sam.java:72)
at Practi.sam.method(sam.java:72)
at Practi.sam.method(sam.java:72)
at Practi.sam.method(sam.java:72)
at Practi.sam.method(sam.java:72)
at Practi.sam.method(sam.java:72)
at Practi.sam.method(sam.java:72)
at Practi.sam.method(sam.java:72)
at Practi.sam.method(sam.java:72)
at Practi.sam.method(sam.java:72)
at Practi.sam.method(sam.java:72)
at Practi.sam.method(sam.java:72)
at Practi.sam.method(sam.java:72)
at Practi.sam.method(sam.java:72)
at Practi.sam.method(sam.java:72)
at Practi.sam.method(sam.java:72)
at Practi.sam.method(sam.java:72)
at Practi.sam.method(sam.java:72)
at Practi.sam.method(sam.java:72)
at Practi.sam.method(sam.java:72)
at Practi.sam.method(sam.java:72)
at Practi.sam.method(sam.java:72)
at Practi.sam.method(sam.java:72)
at Practi.sam.method(sam.java:72)
at Practi.sam.method(sam.java:72)
at Practi.sam.method(sam.java:72)
at Practi.sam.method(sam.java:72)
at Practi.sam.method(sam.java:72)
at Practi.sam.method(sam.java:72)
at Practi.sam.method(sam.java:72)
at Practi.sam.method(sam.java:72)
at Practi.sam.method(sam.java:72)
at Practi.sam.method(sam.java:72)
at Practi.sam.method(sam.java:72)
at Practi.sam.method(sam.java:72)
at Practi.sam.method(sam.java:72)
at Practi.sam.method(sam.java:72)
at Practi.sam.method(sam.java:72)
at Practi.sam.method(sam.java:72)
at Practi.sam.method(sam.java:72)
at Practi.sam.method(sam.java:72)
at Practi.sam.method(sam.java:72)
at Practi.sam.method(sam.java:72)
at Practi.sam.method(sam.java:72)
at Practi.sam.method(sam.java:72)
at Practi.sam.method(sam.java:72)
at Practi.sam.method(sam.java:72)
at Practi.sam.method(sam.java:72)
at Practi.sam.method(sam.java:72)
at Practi.sam.method(sam.java:72)
at Practi.sam.method(sam.java:72)
at Practi.sam.method(sam.java:72)
at Practi.sam.method(sam.java:72)
at Practi.sam.method(sam.java:72)
at Practi.sam.method(sam.java:72)
at Practi.sam.method(sam.java:72)
at Practi.sam.method(sam.java:72)
at Practi.sam.method(sam.java:72)
at Practi.sam.method(sam.java:72)
at Practi.sam.method(sam.java:72)
at Practi.sam.method(sam.java:72)
at Practi.sam.method(sam.java:72)
at Practi.sam.method(sam.java:72)
at Practi.sam.method(sam.java:72)
at Practi.sam.method(sam.java:72)
at Practi.sam.method(sam.java:72)
at Practi.sam.method(sam.java:72)
at Practi.sam.method(sam.java:72)
at Practi.sam.method(sam.java:72)
at Practi.sam.method(sam.java:72)
at Practi.sam.method(sam.java:72)
at Practi.sam.method(sam.java:72)
at Practi.sam.method(sam.java:72)
at Practi.sam.method(sam.java:72)
at Practi.sam.method(sam.java:72)
at Practi.sam.method(sam.java:72)
at Practi.sam.method(sam.java:72)
at Practi.sam.method(sam.java:72)
at Practi.sam.method(sam.java:72)
at Practi.sam.method(sam.java:72)
at Practi.sam.method(sam.java:72)
at Practi.sam.method(sam.java:72)
at Practi.sam.method(sam.java:72)
at Practi.sam.method(sam.java:72)
at Practi.sam.method(sam.java:72)
at Practi.sam.method(sam.java:72)
at Practi.sam.method(sam.java:72)
at Practi.sam.method(sam.java:72)
at Practi.sam.method(sam.java:72)
at Practi.sam.method(sam.java:72)
at Practi.sam.method(sam.java:72)
at Practi.sam.method(sam.java:72)
at Practi.sam.method(sam.java:72)
at Practi.sam.method(sam.java:72)
at Practi.sam.method(sam.java:72)
at Practi.sam.method(sam.java:72)
at Practi.sam.method(sam.java:72)
at Practi.sam.method(sam.java:72)
at Practi.sam.method(sam.java:72)
at Practi.sam.method(sam.java:72)
at Practi.sam.method(sam.java:72)
at Practi.sam.method(sam.java:72)
at Practi.sam.method(sam.java:72)
at Practi.sam.method(sam.java:72)
at Practi.sam.method(sam.java:72)
at Practi.sam.method(sam.java:72)
at Practi.sam.method(sam.java:72)
at Practi.sam.method(sam.java:72)
at Practi.sam.method(sam.java:72)
at Practi.sam.method(sam.java:72)
at Practi.sam.method(sam.java:72)
at Practi.sam.method(sam.java:72)
at Practi.sam.method(sam.java:72)
at Practi.sam.method(sam.java:72)
at Practi.sam.method(sam.java:72)
at Practi.sam.method(sam.java:72)
at Practi.sam.method(sam.java:72)
at Practi.sam.method(sam.java:72)
at Practi.sam.method(sam.java:72)
at Practi.sam.method(sam.java:72)
at Practi.sam.method(sam.java:72)
at Practi.sam.method(sam.java:72)
at Practi.sam.method(sam.java:72)
at Practi.sam.method(sam.java:72)
at Practi.sam.method(sam.java:72)
at Practi.sam.method(sam.java:72)
at Practi.sam.method(sam.java:72)
at Practi.sam.method(sam.java:72)
at Practi.sam.method(sam.java:72)
at Practi.sam.method(sam.java:72)
at Practi.sam.method(sam.java:72)
at Practi.sam.method(sam.java:72)
at Practi.sam.method(sam.java:72)
at Practi.sam.method(sam.java:72)
at Practi.sam.method(sam.java:72)
at Practi.sam.method(sam.java:72)
at Practi.sam.method(sam.java:72)
at Practi.sam.method(sam.java:72)
at Practi.sam.method(sam.java:72)
at Practi.sam.method(sam.java:72)
at Practi.sam.method(sam.java:72)
at Practi.sam.method(sam.java:72)
at Practi.sam.method(sam.java:72)
at Practi.sam.method(sam.java:72)
at Practi.sam.method(sam.java:72)
at Practi.sam.method(sam.java:72)
at Practi.sam.method(sam.java:72)
at Practi.sam.method(sam.java:72)
at Practi.sam.method(sam.java:72)
at Practi.sam.method(sam.java:72)
at Practi.sam.method(sam.java:72)
at Practi.sam.method(sam.java:72)
at Practi.sam.method(sam.java:72)
at Practi.sam.method(sam.java:72)
at Practi.sam.method(sam.java:72)
at Practi.sam.method(sam.java:72)
at Practi.sam.method(sam.java:72)
at Practi.sam.method(sam.java:72)
at Practi.sam.method(sam.java:72)
at Practi.sam.method(sam.java:72)
at Practi.sam.method(sam.java:72)
at Practi.sam.method(sam.java:72)
at Practi.sam.method(sam.java:72)
at Practi.sam.method(sam.java:72)
at Practi.sam.method(sam.java:72)
at Practi.sam.method(sam.java:72)
at Practi.sam.method(sam.java:72)
at Practi.sam.method(sam.java:72)
at Practi.sam.method(sam.java:72)
at Practi.sam.method(sam.java:72)
at Practi.sam.method(sam.java:72)
at Practi.sam.method(sam.java:72)
at Practi.sam.method(sam.java:72)
at Practi.sam.method(sam.java:72)
at Practi.sam.method(sam.java:72)
at Practi.sam.method(sam.java:72)
at Practi.sam.method(sam.java:72)
at Practi.sam.method(sam.java:72)
at Practi.sam.method(sam.java:72)
at Practi.sam.method(sam.java:72)
at Practi.sam.method(sam.java:72)
at Practi.sam.method(sam.java:72)
at Practi.sam.method(sam.java:72)
at Practi.sam.method(sam.java:72)
at Practi.sam.method(sam.java:72)
at Practi.sam.method(sam.java:72)
at Practi.sam.method(sam.java:72)
at Practi.sam.method(sam.java:72)
at Practi.sam.method(sam.java:72)
at Practi.sam.method(sam.java:72)
at Practi.sam.method(sam.java:72)
at Practi.sam.method(sam.java:72)
at Practi.sam.method(sam.java:72)
at Practi.sam.method(sam.java:72)
at Practi.sam.method(sam.java:72)
at Practi.sam.method(sam.java:72)
at Practi.sam.method(sam.java:72)
at Practi.sam.method(sam.java:72)
at Practi.sam.method(sam.java:72)
at Practi.sam.method(sam.java:72)
at Practi.sam.method(sam.java:72)
at Practi.sam.method(sam.java:72)
at Practi.sam.method(sam.java:72)
at Practi.sam.method(sam.java:72)
at Practi.sam.method(sam.java:72)
at Practi.sam.method(sam.java:72)
at Practi.sam.method(sam.java:72)
at Practi.sam.method(sam.java:72)
at Practi.sam.method(sam.java:72)
at Practi.sam.method(sam.java:72)
at Practi.sam.method(sam.java:72)
at Practi.sam.method(sam.java:72)
at Practi.sam.method(sam.java:72)
at Practi.sam.method(sam.java:72)
at Practi.sam.method(sam.java:72)
at Practi.sam.method(sam.java:72)
at Practi.sam.method(sam.java:72)
at Practi.sam.method(sam.java:72)
at Practi.sam.method(sam.java:72)
at Practi.sam.method(sam.java:72)
at Practi.sam.method(sam.java:72)
at Practi.sam.method(sam.java:72)
at Practi.sam.method(sam.java:72)
at Practi.sam.method(sam.java:72)
at Practi.sam.method(sam.java:72)
at Practi.sam.method(sam.java:72)
at Practi.sam.method(sam.java:72)
at Practi.sam.method(sam.java:72)
at Practi.sam.method(sam.java:72)
at Practi.sam.method(sam.java:72)
at Practi.sam.method(sam.java:72)
at Practi.sam.method(sam.java:72)
at Practi.sam.method(sam.java:72)
at Practi.sam.method(sam.java:72)
at Practi.sam.method(sam.java:72)
at Practi.sam.method(sam.java:72)
at Practi.sam.method(sam.java:72)
at Practi.sam.method(sam.java:72)
at Practi.sam.method(sam.java:72)
at Practi.sam.method(sam.java:72)
at Practi.sam.method(sam.java:72)
at Practi.sam.method(sam.java:72)
at Practi.sam.method(sam.java:72)
at Practi.sam.method(sam.java:72)
at Practi.sam.method(sam.java:72)
at Practi.sam.method(sam.java:72)
at Practi.sam.method(sam.java:72)
at Practi.sam.method(sam.java:72)
at Practi.sam.method(sam.java:72)
at Practi.sam.method(sam.java:72)
at Practi.sam.method(sam.java:72)
at Practi.sam.method(sam.java:72)
at Practi.sam.method(sam.java:72)
at Practi.sam.method(sam.java:72)
at Practi.sam.method(sam.java:72)
at Practi.sam.method(sam.java:72)
at Practi.sam.method(sam.java:72)
at Practi.sam.method(sam.java:72)
at Practi.sam.method(sam.java:72)
at Practi.sam.method(sam.java:72)
at Practi.sam.method(sam.java:72)
at Practi.sam.method(sam.java:72)
at Practi.sam.method(sam.java:72)
at Practi.sam.method(sam.java:72)
at Practi.sam.method(sam.java:72)
at Practi.sam.method(sam.java:72)
at Practi.sam.method(sam.java:72)
at Practi.sam.method(sam.java:72)
at Practi.sam.method(sam.java:72)
at Practi.sam.method(sam.java:72)
at Practi.sam.method(sam.java:72)
at Practi.sam.method(sam.java:72)
at Practi.sam.method(sam.java:72)
at Practi.sam.method(sam.java:72)
at Practi.sam.method(sam.java:72)
at Practi.sam.method(sam.java:72)
at Practi.sam.method(sam.java:72)
at Practi.sam.method(sam.java:72)
at Practi.sam.method(sam.java:72)
at Practi.sam.method(sam.java:72)
at Practi.sam.method(sam.java:72)
at Practi.sam.method(sam.java:72)
at Practi.sam.method(sam.java:72)
at Practi.sam.method(sam.java:72)
at Practi.sam.method(sam.java:72)
at Practi.sam.method(sam.java:72)
at Practi.sam.method(sam.java:72)
at Practi.sam.method(sam.java:72)
at Practi.sam.method(sam.java:72)
at Practi.sam.method(sam.java:72)
at Practi.sam.method(sam.java:72)
at Practi.sam.method(sam.java:72)
at Practi.sam.method(sam.java:72)
at Practi.sam.method(sam.java:72)
at Practi.sam.method(sam.java:72)
at Practi.sam.method(sam.java:72)
at Practi.sam.method(sam.java:72)
at Practi.sam.method(sam.java:72)
at Practi.sam.method(sam.java:72)
at Practi.sam.method(sam.java:72)
at Practi.sam.method(sam.java:72)
at Practi.sam.method(sam.java:72)
at Practi.sam.method(sam.java:72)
at Practi.sam.method(sam.java:72)
at Practi.sam.method(sam.java:72)
at Practi.sam.method(sam.java:72)
at Practi.sam.method(sam.java:72)
at Practi.sam.method(sam.java:72)
at Practi.sam.method(sam.java:72)
at Practi.sam.method(sam.java:72)
at Practi.sam.method(sam.java:72)
at Practi.sam.method(sam.java:72)
at Practi.sam.method(sam.java:72)
at Practi.sam.method(sam.java:72)
at Practi.sam.method(sam.java:72)
at Practi.sam.method(sam.java:72)
at Practi.sam.method(sam.java:72)
at Practi.sam.method(sam.java:72)
at Practi.sam.method(sam.java:72)
at Practi.sam.method(sam.java:72)
at Practi.sam.method(sam.java:72)
at Practi.sam.method(sam.java:72)
at Practi.sam.method(sam.java:72)
at Practi.sam.method(sam.java:72)
at Practi.sam.method(sam.java:72)
at Practi.sam.method(sam.java:72)
at Practi.sam.method(sam.java:72)
at Practi.sam.method(sam.java:72)
at Practi.sam.method(sam.java:72)
at Practi.sam.method(sam.java:72)
at Practi.sam.method(sam.java:72)
at Practi.sam.method(sam.java:72)
at Practi.sam.method(sam.java:72)
at Practi.sam.method(sam.java:72)
at Practi.sam.method(sam.java:72)
at Practi.sam.method(sam.java:72)
at Practi.sam.method(sam.java:72)
at Practi.sam.method(sam.java:72)
at Practi.sam.method(sam.java:72)
at Practi.sam.method(sam.java:72)
at Practi.sam.method(sam.java:72)
at Practi.sam.method(sam.java:72)
at Practi.sam.method(sam.java:72)
at Practi.sam.method(sam.java:72)
at Practi.sam.method(sam.java:72)
at Practi.sam.method(sam.java:72)
at Practi.sam.method(sam.java:72)
at Practi.sam.method(sam.java:72)
at Practi.sam.method(sam.java:72)
at Practi.sam.method(sam.java:72)
at Practi.sam.method(sam.java:72)
at Practi.sam.method(sam.java:72)
at Practi.sam.method(sam.java:72)
at Practi.sam.method(sam.java:72)
at Practi.sam.method(sam.java:72)
at Practi.sam.method(sam.java:72)
at Practi.sam.method(sam.java:72)
at Practi.sam.method(sam.java:72)
at Practi.sam.method(sam.java:72)
at Practi.sam.method(sam.java:72)
at Practi.sam.method(sam.java:72)
at Practi.sam.method(sam.java:72)
at Practi.sam.method(sam.java:72)
at Practi.sam.method(sam.java:72)
at Practi.sam.method(sam.java:72)
at Practi.sam.method(sam.java:72)
at Practi.sam.method(sam.java:72)
at Practi.sam.method(sam.java:72)
at Practi.sam.method(sam.java:72)
at Practi.sam.method(sam.java:72)
at Practi.sam.method(sam.java:72)
at Practi.sam.method(sam.java:72)
at Practi.sam.method(sam.java:72)
at Practi.sam.method(sam.java:72)
at Practi.sam.method(sam.java:72)
at Practi.sam.method(sam.java:72)
at Practi.sam.method(sam.java:72)
at Practi.sam.method(sam.java:72)
at Practi.sam.method(sam.java:72)
at Practi.sam.method(sam.java:72)
at Practi.sam.method(sam.java:72)
at Practi.sam.method(sam.java:72)
at Practi.sam.method(sam.java:72)
at Practi.sam.method(sam.java:72)
at Practi.sam.method(sam.java:72)
at Practi.sam.method(sam.java:72)
at Practi.sam.method(sam.java:72)
at Practi.sam.method(sam.java:72)
at Practi.sam.method(sam.java:72)
at Practi.sam.method(sam.java:72)
at Practi.sam.method(sam.java:72)
at Practi.sam.method(sam.java:72)
at Practi.sam.method(sam.java:72)
at Practi.sam.method(sam.java:72)
at Practi.sam.method(sam.java:72)
at Practi.sam.method(sam.java:72)
at Practi.sam.method(sam.java:72)
at Practi.sam.method(sam.java:72)
at Practi.sam.method(sam.java:72)
at Practi.sam.method(sam.java:72)
at Practi.sam.method(sam.java:72)
at Practi.sam.method(sam.java:72)
at Practi.sam.method(sam.java:72)
at Practi.sam.method(sam.java:72)
at Practi.sam.method(sam.java:72)
at Practi.sam.method(sam.java:72)
at Practi.sam.method(sam.java:72)
at Practi.sam.method(sam.java:72)
at Practi.sam.method(sam.java:72)
at Practi.sam.method(sam.java:72)
at Practi.sam.method(sam.java:72)
at Practi.sam.method(sam.java:72)
at Practi.sam.method(sam.java:72)
at Practi.sam.method(sam.java:72)
at Practi.sam.method(sam.java:72)
at Practi.sam.method(sam.java:72)
at Practi.sam.method(sam.java:72)
at Practi.sam.method(sam.java:72)
at Practi.sam.method(sam.java:72)
at Practi.sam.method(sam.java:72)
at Practi.sam.method(sam.java:72)
at Practi.sam.method(sam.java:72)
at Practi.sam.method(sam.java:72)
at Practi.sam.method(sam.java:72)
at Practi.sam.method(sam.java:72)
at Practi.sam.method(sam.java:72)
at Practi.sam.method(sam.java:72)
at Practi.sam.method(sam.java:72)
at Practi.sam.method(sam.java:72)
at Practi.sam.method(sam.java:72)
at Practi.sam.method(sam.java:72)
at Practi.sam.method(sam.java:72)
at Practi.sam.method(sam.java:72)
at Practi.sam.method(sam.java:72)
at Practi.sam.method(sam.java:72)
]]>
    </error>
  </testcase> <!-- mmain -->
  <system-out/>
</testsuite> <!-- Practi.sam -->
