<?xml version="1.0" encoding="UTF-8"?>
<!-- Generated by org.testng.reporters.JUnitReportReporter -->
<testsuite hostname="DESKTOP-BAJSTAT" failures="0" tests="1" name="com.Practice.XXYYXYXY" time="0.006" errors="0" timestamp="2022-11-11T12:53:58 IST" skipped="0">
  <testcase classname="com.Practice.XXYYXYXY" name="test" time="0.006"/>
  <system-out/>
</testsuite> <!-- com.Practice.XXYYXYXY -->
