<?xml version="1.0" encoding="UTF-8"?>
<!-- Generated by org.testng.reporters.JUnitReportReporter -->
<testsuite hostname="DESKTOP-BAJSTAT" failures="0" tests="1" name="Practi.Practice1" time="66.975" errors="0" timestamp="2022-11-02T12:50:19 IST" skipped="0">
  <testcase classname="Practi.Practice1" name="test" time="66.975"/>
  <system-out/>
</testsuite> <!-- Practi.Practice1 -->
