<?xml version="1.0" encoding="UTF-8"?>
<!-- Generated by org.testng.reporters.JUnitReportReporter -->
<testsuite hostname="DESKTOP-BAJSTAT" failures="0" tests="1" name="ArrayPrograms.BracessTest" time="12.479" errors="0" timestamp="2022-10-25T14:29:38 IST" skipped="0">
  <testcase classname="ArrayPrograms.BracessTest" name="test" time="12.479"/>
  <system-out/>
</testsuite> <!-- ArrayPrograms.BracessTest -->
