<?xml version="1.0" encoding="UTF-8"?>
<!-- Generated by org.testng.reporters.JUnitReportReporter -->
<testsuite hostname="DESKTOP-BAJSTAT" failures="0" tests="1" name="Practi.A3" time="0.001" errors="0" timestamp="2022-11-07T15:45:54 IST" skipped="0">
  <testcase classname="Practi.A3" name="test" time="0.001"/>
  <system-out/>
</testsuite> <!-- Practi.A3 -->
