<?xml version="1.0" encoding="UTF-8"?>
<!-- Generated by org.testng.reporters.JUnitReportReporter -->
<testsuite hostname="DESKTOP-BAJSTAT" failures="0" tests="1" name="Practice2.AssendingOrder" time="0.006" errors="0" timestamp="2022-09-06T12:34:48 IST" skipped="0">
  <testcase classname="Practice2.AssendingOrder" name="sample" time="0.006"/>
  <system-out/>
</testsuite> <!-- Practice2.AssendingOrder -->
