<?xml version="1.0" encoding="UTF-8"?>
<!-- Generated by org.testng.reporters.JUnitReportReporter -->
<testsuite hostname="DESKTOP-BAJSTAT" failures="0" tests="1" name="Practi.Sample" time="0.024" errors="0" timestamp="2022-10-15T22:03:18 IST" skipped="0">
  <testcase classname="Practi.Sample" name="sam" time="0.024"/>
  <system-out/>
</testsuite> <!-- Practi.Sample -->
