<?xml version="1.0" encoding="UTF-8"?>
<!-- Generated by org.testng.reporters.JUnitReportReporter -->
<testsuite hostname="DESKTOP-BAJSTAT" failures="0" tests="1" name="Assignment.OlympicTest" time="49.909" errors="0" timestamp="2022-11-02T16:19:50 IST" skipped="0">
  <testcase classname="Assignment.OlympicTest" name="test" time="49.909"/>
  <system-out/>
</testsuite> <!-- Assignment.OlympicTest -->
