<?xml version="1.0" encoding="UTF-8"?>
<!-- Generated by org.testng.reporters.JUnitReportReporter -->
<testsuite hostname="DESKTOP-BAJSTAT" failures="0" tests="1" name="com.Practice.Reverse" time="0.006" errors="0" timestamp="2022-11-11T13:22:38 IST" skipped="0">
  <testcase classname="com.Practice.Reverse" name="test" time="0.006"/>
  <system-out/>
</testsuite> <!-- com.Practice.Reverse -->
