<?xml version="1.0" encoding="UTF-8"?>
<!-- Generated by org.testng.reporters.JUnitReportReporter -->
<testsuite hostname="DESKTOP-BAJSTAT" failures="0" tests="1" name="com.Practice.PrimeNumberEqual" time="4.263" errors="0" timestamp="2022-11-14T13:32:18 IST" skipped="0">
  <testcase classname="com.Practice.PrimeNumberEqual" name="test" time="4.263"/>
  <system-out/>
</testsuite> <!-- com.Practice.PrimeNumberEqual -->
