<?xml version="1.0" encoding="UTF-8"?>
<!-- Generated by org.testng.reporters.JUnitReportReporter -->
<testsuite hostname="DESKTOP-BAJSTAT" failures="0" tests="1" name="NumberPrograms.DoiganalAddingTest" time="0.008" errors="0" timestamp="2022-10-20T13:06:37 IST" skipped="0">
  <testcase classname="NumberPrograms.DoiganalAddingTest" name="test" time="0.008"/>
  <system-out/>
</testsuite> <!-- NumberPrograms.DoiganalAddingTest -->
