<?xml version="1.0" encoding="UTF-8"?>
<!-- Generated by org.testng.reporters.JUnitReportReporter -->
<testsuite hostname="DESKTOP-BAJSTAT" failures="0" tests="5" name="Practi.Sample" time="0.011" errors="0" timestamp="2022-09-25T21:10:10 IST" skipped="0">
  <testcase classname="Practi.Sample" name="sam" time="0.001"/>
  <system-out/>
  <testcase classname="Practi.Sample" name="sam" time="0.007"/>
  <system-out/>
  <testcase classname="Practi.Sample" name="sam" time="0.001"/>
  <system-out/>
  <testcase classname="Practi.Sample" name="sam" time="0.001"/>
  <system-out/>
  <testcase classname="Practi.Sample" name="sam" time="0.001"/>
  <system-out/>
</testsuite> <!-- Practi.Sample -->
