<?xml version="1.0" encoding="UTF-8"?>
<!-- Generated by org.testng.reporters.JUnitReportReporter -->
<testsuite hostname="Hemanth" failures="0" tests="4" name="practice.Sample3" time="0.046" errors="0" timestamp="2022-08-18T12:32:19 IST" skipped="0">
  <testcase classname="practice.Sample3" name="delete" time="0.010"/>
  <system-out/>
  <testcase classname="practice.Sample3" name="update" time="0.021"/>
  <system-out/>
  <testcase classname="practice.Sample3" name="create" time="0.007"/>
  <system-out/>
  <testcase classname="practice.Sample3" name="read" time="0.008"/>
  <system-out/>
</testsuite> <!-- practice.Sample3 -->
