<?xml version="1.0" encoding="UTF-8"?>
<!-- Generated by org.testng.reporters.JUnitReportReporter -->
<testsuite hostname="Hemanth" failures="0" tests="4" name="practice.Sample2" time="0.019" errors="0" timestamp="2022-08-18T12:32:19 IST" skipped="0">
  <testcase classname="practice.Sample2" name="update" time="0.006"/>
  <system-out/>
  <testcase classname="practice.Sample2" name="delete" time="0.005"/>
  <system-out/>
  <testcase classname="practice.Sample2" name="read" time="0.005"/>
  <system-out/>
  <testcase classname="practice.Sample2" name="create" time="0.003"/>
  <system-out/>
</testsuite> <!-- practice.Sample2 -->
