<?xml version="1.0" encoding="UTF-8"?>
<!-- Generated by org.testng.reporters.JUnitReportReporter -->
<testsuite hostname="DESKTOP-BAJSTAT" failures="0" tests="1" name="com.Practice.SpaceAddTest" time="0.009" errors="0" timestamp="2022-11-14T12:20:16 IST" skipped="0">
  <testcase classname="com.Practice.SpaceAddTest" name="test" time="0.009"/>
  <system-out/>
</testsuite> <!-- com.Practice.SpaceAddTest -->
