<?xml version="1.0" encoding="UTF-8"?>
<!-- Generated by org.testng.reporters.JUnitReportReporter -->
<testsuite hostname="DESKTOP-BAJSTAT" failures="0" tests="1" name="Practi.A2" time="0.006" errors="0" timestamp="2022-11-14T18:01:45 IST" skipped="0">
  <testcase classname="Practi.A2" name="test" time="0.006"/>
  <system-out/>
</testsuite> <!-- Practi.A2 -->
